<?xml version="1.0" encoding="UTF-8"?>
<testsuite xmlns:xsi="http://www.w3.org/2001/XMLSchema-instance" xsi:noNamespaceSchemaLocation="https://maven.apache.org/surefire/maven-surefire-plugin/xsd/surefire-test-report-3.0.xsd" version="3.0" name="com.weather.QWeatherApiTest" time="5.825" tests="1" errors="0" skipped="0" failures="0">
  <properties>
[...]
</properties>
  <testcase name="testLondon" classname="com.weather.QWeatherApiTest" time="2.846">
    <system-out><![CDATA[22:23:58.193 [main] INFO org.springframework.test.context.support.AnnotationConfigContextLoaderUtils -- Could not detect default configuration classes for test class [com.weather.QWeatherApiTest]: QWeatherApiTest does not declare any static, non-private, non-final, nested classes annotated with @Configuration.
22:23:58.269 [main] INFO org.springframework.boot.test.context.SpringBootTestContextBootstrapper -- Found @SpringBootConfiguration com.weather.WeatherApplication for test class com.weather.QWeatherApiTest

  .   ____          _            __ _ _
 /\\ / ___'_ __ _ _(_)_ __  __ _ \ \ \ \
( ( )\___ | '_ | '_| | '_ \/ _` | \ \ \ \
 \\/  ___)| |_)| | | | | || (_| |  ) ) ) )
  '  |____| .__|_| |_|_| |_\__, | / / / /
 =========|_|==============|___/=/_/_/_/
 :: Spring Boot ::                (v3.2.5)

2026-05-11T22:23:58.620+08:00  INFO 31708 --- [           main] com.weather.QWeatherApiTest              : Starting QWeatherApiTest using Java 17.0.12 with PID 31708 (started by pink9 in C:\files\github\weather-analysis-system\weather-server)
2026-05-11T22:23:58.622+08:00  INFO 31708 --- [           main] com.weather.QWeatherApiTest              : No active profile set, falling back to 1 default profile: "default"
Logging initialized using 'class org.apache.ibatis.logging.stdout.StdOutImpl' adapter.
Use localhost address 
Get xq/192.168.2.41 network interface 
Get network interface info: name:wlan2 (Intel(R) Wi-Fi 6 AX201 160MHz)
Initialization Sequence datacenterId:12 workerId:0
 _ _   |_  _ _|_. ___ _ |    _ 
| | |\/|_)(_| | |_\  |_)||_|_\ 
     /               |         
                        3.5.6 
2026-05-11T22:24:01.003+08:00  INFO 31708 --- [           main] com.weather.QWeatherApiTest              : Started QWeatherApiTest in 2.619 seconds (process running for 3.261)
Creating a new SqlSession
SqlSession [org.apache.ibatis.session.defaults.DefaultSqlSession@2b9d4b0] was not registered for synchronization because synchronization is not active
2026-05-11T22:24:03.020+08:00  INFO 31708 --- [           main] com.zaxxer.hikari.HikariDataSource       : HikariPool-1 - Starting...
2026-05-11T22:24:03.287+08:00  INFO 31708 --- [           main] com.zaxxer.hikari.pool.HikariPool        : HikariPool-1 - Added connection com.mysql.cj.jdbc.ConnectionImpl@5d6b5d3d
2026-05-11T22:24:03.289+08:00  INFO 31708 --- [           main] com.zaxxer.hikari.HikariDataSource       : HikariPool-1 - Start completed.
JDBC Connection [HikariProxyConnection@629598328 wrapping com.mysql.cj.jdbc.ConnectionImpl@5d6b5d3d] will not be managed by Spring
==>  Preparing: SELECT id,city_name,city_code,province FROM city_list WHERE (city_name = ?)
==> Parameters: 伦敦(String)
<==      Total: 0
Closing non transactional SqlSession [org.apache.ibatis.session.defaults.DefaultSqlSession@2b9d4b0]
Creating a new SqlSession
SqlSession [org.apache.ibatis.session.defaults.DefaultSqlSession@6556471b] was not registered for synchronization because synchronization is not active
JDBC Connection [HikariProxyConnection@309135464 wrapping com.mysql.cj.jdbc.ConnectionImpl@5d6b5d3d] will not be managed by Spring
==>  Preparing: INSERT INTO city_list ( city_name, city_code, province ) VALUES ( ?, ?, ? )
==> Parameters: 伦敦(String), 14618(String), Alagoas(String)
<==    Updates: 1
Closing non transactional SqlSession [org.apache.ibatis.session.defaults.DefaultSqlSession@6556471b]
伦敦 cityId: 14618
=== 伦敦实时天气 ===
温度: 28°C
体感: 29°C
湿度: 64%
气压: 1013 hPa
风速: 11 km/h
天气: Chuva de banho
=== 伦敦7天预报 ===
2026-05-11 | 最高:31°C | 最低:21°C | 白天:Nublado | 夜间:Chuva de banho
2026-05-12 | 最高:31°C | 最低:22°C | 白天:Chuva de banho | 夜间:Chuva de banho
2026-05-13 | 最高:29°C | 最低:23°C | 白天:Chuva de banho | 夜间:Parcialmente nublado
2026-05-14 | 最高:29°C | 最低:21°C | 白天:Chuva de banho | 夜间:Claro
2026-05-15 | 最高:30°C | 最低:21°C | 白天:Poucas nuvens | 夜间:Claro
2026-05-16 | 最高:28°C | 最低:24°C | 白天:Chuva de banho | 夜间:Chuva de banho
2026-05-17 | 最高:29°C | 最低:21°C | 白天:Ensolarado | 夜间:Parcialmente nublado
]]></system-out>
  </testcase>
</testsuite>